Arguments: 
  C:\Program Files\nodejs\node.exe C:\Users\Halo\AppData\Roaming\npm\node_modules\yarn\bin\yarn.js publish

PATH: 
  C:\WINDOWS\system32;C:\WINDOWS;C:\WINDOWS\System32\Wbem;C:\WINDOWS\System32\WindowsPowerShell\v1.0\;C:\WINDOWS\System32\OpenSSH\;C:\Program Files\nodejs\;C:\Users\Halo\AppData\Local\Yarn\bin;C:\Program Files\Git\cmd;C:\ProgramData\chocolatey\bin;C:\Program Files (x86)\Tencent\wxdev;C:\Program Files (x86)\NVIDIA Corporation\PhysX\Common;C:\Users\Halo\AppData\Local\Microsoft\WindowsApps;;C:\Users\Halo\AppData\Local\Programs\Microsoft VS Code\bin;C:\Users\Halo\AppData\Roaming\npm

Yarn version: 
  1.22.4

Node version: 
  12.16.1

Platform: 
  win32 x64

Trace: 
  Error: canceled
      at Interface.<anonymous> (C:\Users\Halo\AppData\Roaming\npm\node_modules\yarn\lib\cli.js:137008:13)
      at Interface.emit (events.js:311:20)
      at Interface._ttyWrite (readline.js:893:16)
      at ReadStream.onkeypress (readline.js:198:10)
      at ReadStream.emit (events.js:311:20)
      at emitKeys (internal/readline/utils.js:438:14)
      at emitKeys.next (<anonymous>)
      at ReadStream.onData (readline.js:1160:36)
      at ReadStream.emit (events.js:311:20)
      at addChunk (_stream_readable.js:294:12)

npm manifest: 
  {
    "name": "uni-property-decorator",
    "version": "1.0.4",
    "description": "uni-app ts装饰器扩展,解决 @Prop 初始值注入需要另外在 data(){} 定义属性字段问题.",
    "main": "index.js",
    "author": "Halo",
    "license": "MIT",
    "typings": "./index.d.ts",
    "scripts": {
      "build": "tsc"
    },
    "keywords": [
      "uni-app",
      "vue typescript",
      "decorator"
    ],
    "repository": {
      "type": "git",
      "url": "git+https://github.com/a951055/uni-property-decorator.git"
    }
  }

yarn manifest: 
  No manifest

Lockfile: 
  No lockfile
